0 info it worked if it ends with ok
1 verbose cli [ '/Users/taotanming/.nvm/versions/node/v6.9.3/bin/node',
1 verbose cli   '/Users/taotanming/.nvm/versions/node/v6.9.3/bin/npm',
1 verbose cli   'run',
1 verbose cli   'devServer' ]
2 info using npm@3.10.10
3 info using node@v6.9.3
4 verbose run-script [ 'predevServer', 'devServer', 'postdevServer' ]
5 info lifecycle tracks-exception-inspection@1.0.0~predevServer: tracks-exception-inspection@1.0.0
6 silly lifecycle tracks-exception-inspection@1.0.0~predevServer: no script for predevServer, continuing
7 info lifecycle tracks-exception-inspection@1.0.0~devServer: tracks-exception-inspection@1.0.0
8 verbose lifecycle tracks-exception-inspection@1.0.0~devServer: unsafe-perm in lifecycle true
9 verbose lifecycle tracks-exception-inspection@1.0.0~devServer: PATH: /Users/taotanming/.nvm/versions/node/v6.9.3/lib/node_modules/npm/bin/node-gyp-bin:/Users/taotanming/project/tracks-exception-inspection/node_modules/.bin:/Users/taotanming/.nvm/versions/node/v6.9.3/bin:/usr/local/bin:/usr/bin:/bin:/usr/sbin:/sbin
10 verbose lifecycle tracks-exception-inspection@1.0.0~devServer: CWD: /Users/taotanming/project/tracks-exception-inspection
11 silly lifecycle tracks-exception-inspection@1.0.0~devServer: Args: [ '-c', 'webpack-dev-server --inline' ]
12 silly lifecycle tracks-exception-inspection@1.0.0~devServer: Returned: code: 1  signal: null
13 info lifecycle tracks-exception-inspection@1.0.0~devServer: Failed to exec devServer script
14 verbose stack Error: tracks-exception-inspection@1.0.0 devServer: `webpack-dev-server --inline`
14 verbose stack Exit status 1
14 verbose stack     at EventEmitter.<anonymous> (/Users/taotanming/.nvm/versions/node/v6.9.3/lib/node_modules/npm/lib/utils/lifecycle.js:255:16)
14 verbose stack     at emitTwo (events.js:106:13)
14 verbose stack     at EventEmitter.emit (events.js:191:7)
14 verbose stack     at ChildProcess.<anonymous> (/Users/taotanming/.nvm/versions/node/v6.9.3/lib/node_modules/npm/lib/utils/spawn.js:40:14)
14 verbose stack     at emitTwo (events.js:106:13)
14 verbose stack     at ChildProcess.emit (events.js:191:7)
14 verbose stack     at maybeClose (internal/child_process.js:877:16)
14 verbose stack     at Process.ChildProcess._handle.onexit (internal/child_process.js:226:5)
15 verbose pkgid tracks-exception-inspection@1.0.0
16 verbose cwd /Users/taotanming/project/tracks-exception-inspection
17 error Darwin 16.0.0
18 error argv "/Users/taotanming/.nvm/versions/node/v6.9.3/bin/node" "/Users/taotanming/.nvm/versions/node/v6.9.3/bin/npm" "run" "devServer"
19 error node v6.9.3
20 error npm  v3.10.10
21 error code ELIFECYCLE
22 error tracks-exception-inspection@1.0.0 devServer: `webpack-dev-server --inline`
22 error Exit status 1
23 error Failed at the tracks-exception-inspection@1.0.0 devServer script 'webpack-dev-server --inline'.
23 error Make sure you have the latest version of node.js and npm installed.
23 error If you do, this is most likely a problem with the tracks-exception-inspection package,
23 error not with npm itself.
23 error Tell the author that this fails on your system:
23 error     webpack-dev-server --inline
23 error You can get information on how to open an issue for this project with:
23 error     npm bugs tracks-exception-inspection
23 error Or if that isn't available, you can get their info via:
23 error     npm owner ls tracks-exception-inspection
23 error There is likely additional logging output above.
24 verbose exit [ 1, true ]
